2021-Sep-17 12:58:27 Наличие необходимых модулей php (check_php_modules): Ok
Все необходимые модули установлены
2021-Sep-17 12:58:27 Обязательные параметры PHP (check_php_settings): Fail
Ошибка! Значение max_input_vars должно быть не ниже 10000. Текущее значение: 1000
2021-Sep-17 12:58:28 Модули веб-сервера (check_security): Ok
Конфликтов не выявлено
2021-Sep-17 12:58:28 Значения переменных сервера (check_server_vars): Ok
Корректные
2021-Sep-17 12:58:28 Сохранение сессии (check_session): Ok
50% done
2021-Sep-17 12:58:28 Сохранение сессии (check_session): Ok
Успешно
2021-Sep-17 12:58:29 Параметры настройки UTF (mbstring и константа BX_UTF) (check_mbstring): Ok
Правильные. Сайт работает в UTF кодировке
2021-Sep-17 12:58:29 Служебные скрипты в корне сайта (check_install_scripts): Ok
Отсутствуют
2021-Sep-17 12:58:29 Работа с сокетами (check_socket): Ok
Connection to localhost.bitrix.com:80	Success

Успешно
2021-Sep-17 12:58:29 Выполнение агентов на cron (check_bx_crontab): Warning
Замечание. Агенты выполняются на хитах, рекомендуется перевести выполнение агентов на cron
2021-Sep-17 12:58:30 Параметры подключения к базе данных (check_dbconn_settings): Ok
Успешно
2021-Sep-17 12:58:30 Лишний вывод в файлах конфигурации (check_dbconn): Ok
Connection to localhost.bitrix.com:80	Success

Успешно
2021-Sep-17 12:58:31 Сохранение сессии без UserAgent (check_session_ua): Ok
50% done
Connection to localhost.bitrix.com:80	Success

2021-Sep-17 12:58:31 Сохранение сессии без UserAgent (check_session_ua): Ok
Connection to localhost.bitrix.com:80	Success

Успешно
2021-Sep-17 12:58:31 Настройки сайтов (check_sites): Ok
Правильные
2021-Sep-17 12:58:31 Передача объектов по ссылке (check_clone): Ok
Успешно
2021-Sep-17 12:58:32 Размер стека и pcre.recursion_limit (check_pcre_recursion): Ok
Connection to localhost.bitrix.com:80	Success

Успешно
2021-Sep-17 12:58:32 Загрузка файла (check_upload): Ok
Connection to localhost.bitrix.com:80	Success

Успешно
2021-Sep-17 12:58:32 Загрузка файла больше 4Мб (check_upload_big): Ok
Connection to localhost.bitrix.com:80	Success

Успешно
2021-Sep-17 12:58:33 Загрузка файла через php://input (check_upload_raw): Ok
Connection to localhost.bitrix.com:80	Success

Успешно
2021-Sep-17 12:58:33 Передача POST запроса с большим числом параметров (check_post): Ok
Connection to localhost.bitrix.com:80	Success

Успешно
2021-Sep-17 12:58:33 Отправка почты (check_mail): Ok
Успешно
2021-Sep-17 12:58:34 Отправка почтового сообщения больше 64Кб (check_mail_big): Ok
Успешно
2021-Sep-17 12:58:34 Проверка на наличие неотправленных сообщений (check_mail_b_event): Ok
Успешно
2021-Sep-17 12:58:36 Внутреннее перенаправление (функция LocalRedirect) (check_localredirect): Ok
50% done
Connection to localhost.bitrix.com:80	Success

